# JRE version: OpenJDK Runtime Environment (8.0_242-b01) (build 1.8.0_242-release-1644-b01)
# Java VM: OpenJDK 64-Bit Server VM (25.242-b01 mixed mode windows-amd64 compressed oops)
Heap:
 PSYoungGen      total 170496K, used 32956K [0x00000000d5580000, 0x00000000e2000000, 0x0000000100000000)
  eden space 143872K, 15% used [0x00000000d5580000,0x00000000d6b73270,0x00000000de200000)
  from space 26624K, 39% used [0x00000000e0600000,0x00000000e103c178,0x00000000e2000000)
  to   space 31744K, 0% used [0x00000000de200000,0x00000000de200000,0x00000000e0100000)
 ParOldGen       total 200192K, used 93900K [0x0000000080000000, 0x000000008c380000, 0x00000000d5580000)
  object space 200192K, 46% used [0x0000000080000000,0x0000000085bb3320,0x000000008c380000)
 Metaspace       used 112747K, capacity 120896K, committed 121088K, reserved 1155072K
  class space    used 14537K, capacity 16057K, committed 16128K, reserved 1048576K
GC Heap History (10 events):
Event: 4567.969 GC heap after
Heap after GC invocations=47 (full 4):
 PSYoungGen      total 188928K, used 23098K [0x00000000d5580000, 0x00000000e3300000, 0x0000000100000000)
  eden space 165376K, 0% used [0x00000000d5580000,0x00000000d5580000,0x00000000df700000)
  from space 23552K, 98% used [0x00000000dfb80000,0x00000000e120ea10,0x00000000e1280000)
  to   space 30720K, 0% used [0x00000000e1500000,0x00000000e1500000,0x00000000e3300000)
 ParOldGen       total 200192K, used 93444K [0x0000000080000000, 0x000000008c380000, 0x00000000d5580000)
  object space 200192K, 46% used [0x0000000080000000,0x0000000085b41300,0x000000008c380000)
 Metaspace       used 112044K, capacity 120012K, committed 120192K, reserved 1153024K
  class space    used 14493K, capacity 15947K, committed 16000K, reserved 1048576K
}
Event: 4831.608 GC heap before
{Heap before GC invocations=48 (full 4):
 PSYoungGen      total 188928K, used 188474K [0x00000000d5580000, 0x00000000e3300000, 0x0000000100000000)
  eden space 165376K, 100% used [0x00000000d5580000,0x00000000df700000,0x00000000df700000)
  from space 23552K, 98% used [0x00000000dfb80000,0x00000000e120ea10,0x00000000e1280000)
  to   space 30720K, 0% used [0x00000000e1500000,0x00000000e1500000,0x00000000e3300000)
 ParOldGen       total 200192K, used 93444K [0x0000000080000000, 0x000000008c380000, 0x00000000d5580000)
  object space 200192K, 46% used [0x0000000080000000,0x0000000085b41300,0x000000008c380000)
 Metaspace       used 112140K, capacity 120096K, committed 120192K, reserved 1153024K
  class space    used 14495K, capacity 15949K, committed 16000K, reserved 1048576K
Event: 4831.620 GC heap after
Heap after GC invocations=48 (full 4):
 PSYoungGen      total 189952K, used 23819K [0x00000000d5580000, 0x00000000e3180000, 0x0000000100000000)
  eden space 160768K, 0% used [0x00000000d5580000,0x00000000d5580000,0x00000000df280000)
  from space 29184K, 81% used [0x00000000e1500000,0x00000000e2c42c08,0x00000000e3180000)
  to   space 32256K, 0% used [0x00000000df280000,0x00000000df280000,0x00000000e1200000)
 ParOldGen       total 200192K, used 93452K [0x0000000080000000, 0x000000008c380000, 0x00000000d5580000)
  object space 200192K, 46% used [0x0000000080000000,0x0000000085b43300,0x000000008c380000)
 Metaspace       used 112140K, capacity 120096K, committed 120192K, reserved 1153024K
  class space    used 14495K, capacity 15949K, committed 16000K, reserved 1048576K
}
Event: 5154.838 GC heap before
{Heap before GC invocations=49 (full 4):
 PSYoungGen      total 189952K, used 184587K [0x00000000d5580000, 0x00000000e3180000, 0x0000000100000000)
  eden space 160768K, 100% used [0x00000000d5580000,0x00000000df280000,0x00000000df280000)
  from space 29184K, 81% used [0x00000000e1500000,0x00000000e2c42c08,0x00000000e3180000)
  to   space 32256K, 0% used [0x00000000df280000,0x00000000df280000,0x00000000e1200000)
 ParOldGen       total 200192K, used 93452K [0x0000000080000000, 0x000000008c380000, 0x00000000d5580000)
  object space 200192K, 46% used [0x0000000080000000,0x0000000085b43300,0x000000008c380000)
 Metaspace       used 112378K, capacity 120410K, committed 120576K, reserved 1153024K
  class space    used 14528K, capacity 16044K, committed 16128K, reserved 1048576K
Event: 5154.869 GC heap after
Heap after GC invocations=49 (full 4):
 PSYoungGen      total 166912K, used 10512K [0x00000000d5580000, 0x00000000e2c00000, 0x0000000100000000)
  eden space 156160K, 0% used [0x00000000d5580000,0x00000000d5580000,0x00000000dee00000)
  from space 10752K, 97% used [0x00000000df280000,0x00000000dfcc4188,0x00000000dfd00000)
  to   space 31744K, 0% used [0x00000000e0d00000,0x00000000e0d00000,0x00000000e2c00000)
 ParOldGen       total 200192K, used 93460K [0x0000000080000000, 0x000000008c380000, 0x00000000d5580000)
  object space 200192K, 46% used [0x0000000080000000,0x0000000085b45300,0x000000008c380000)
 Metaspace       used 112378K, capacity 120410K, committed 120576K, reserved 1153024K
  class space    used 14528K, capacity 16044K, committed 16128K, reserved 1048576K
}
Event: 5156.940 GC heap before
{Heap before GC invocations=50 (full 4):
 PSYoungGen      total 166912K, used 166672K [0x00000000d5580000, 0x00000000e2c00000, 0x0000000100000000)
  eden space 156160K, 100% used [0x00000000d5580000,0x00000000dee00000,0x00000000dee00000)
  from space 10752K, 97% used [0x00000000df280000,0x00000000dfcc4188,0x00000000dfd00000)
  to   space 31744K, 0% used [0x00000000e0d00000,0x00000000e0d00000,0x00000000e2c00000)
 ParOldGen       total 200192K, used 93460K [0x0000000080000000, 0x000000008c380000, 0x00000000d5580000)
  object space 200192K, 46% used [0x0000000080000000,0x0000000085b45300,0x000000008c380000)
 Metaspace       used 112510K, capacity 120680K, committed 120832K, reserved 1155072K
  class space    used 14530K, capacity 16045K, committed 16128K, reserved 1048576K
Event: 5156.960 GC heap after
Heap after GC invocations=50 (full 4):
 PSYoungGen      total 180736K, used 21952K [0x00000000d5580000, 0x00000000e2900000, 0x0000000100000000)
  eden space 152064K, 0% used [0x00000000d5580000,0x00000000d5580000,0x00000000dea00000)
  from space 28672K, 76% used [0x00000000e0d00000,0x00000000e22700e0,0x00000000e2900000)
  to   space 32256K, 0% used [0x00000000dea00000,0x00000000dea00000,0x00000000e0980000)
 ParOldGen       total 200192K, used 93468K [0x0000000080000000, 0x000000008c380000, 0x00000000d5580000)
  object space 200192K, 46% used [0x0000000080000000,0x0000000085b47300,0x000000008c380000)
 Metaspace       used 112510K, capacity 120680K, committed 120832K, reserved 1155072K
  class space    used 14530K, capacity 16045K, committed 16128K, reserved 1048576K
}
Event: 5785.962 GC heap before
{Heap before GC invocations=51 (full 4):
 PSYoungGen      total 180736K, used 174016K [0x00000000d5580000, 0x00000000e2900000, 0x0000000100000000)
  eden space 152064K, 100% used [0x00000000d5580000,0x00000000dea00000,0x00000000dea00000)
  from space 28672K, 76% used [0x00000000e0d00000,0x00000000e22700e0,0x00000000e2900000)
  to   space 32256K, 0% used [0x00000000dea00000,0x00000000dea00000,0x00000000e0980000)
 ParOldGen       total 200192K, used 93468K [0x0000000080000000, 0x000000008c380000, 0x00000000d5580000)
  object space 200192K, 46% used [0x0000000080000000,0x0000000085b47300,0x000000008c380000)
 Metaspace       used 112682K, capacity 120846K, committed 121088K, reserved 1155072K
  class space    used 14534K, capacity 16050K, committed 16128K, reserved 1048576K
Event: 5786.019 GC heap after
Heap after GC invocations=51 (full 4):
 PSYoungGen      total 154112K, used 5915K [0x00000000d5580000, 0x00000000e2600000, 0x0000000100000000)
  eden space 147968K, 0% used [0x00000000d5580000,0x00000000d5580000,0x00000000de600000)
  from space 6144K, 96% used [0x00000000dea00000,0x00000000defc6e80,0x00000000df000000)
  to   space 32768K, 0% used [0x00000000e0600000,0x00000000e0600000,0x00000000e2600000)
 ParOldGen       total 200192K, used 93772K [0x0000000080000000, 0x000000008c380000, 0x00000000d5580000)
  object space 200192K, 46% used [0x0000000080000000,0x0000000085b93310,0x000000008c380000)
 Metaspace       used 112682K, capacity 120846K, committed 121088K, reserved 1155072K
  class space    used 14534K, capacity 16050K, committed 16128K, reserved 1048576K
}
Event: 5787.452 GC heap before
{Heap before GC invocations=52 (full 4):
 PSYoungGen      total 154112K, used 153883K [0x00000000d5580000, 0x00000000e2600000, 0x0000000100000000)
  eden space 147968K, 100% used [0x00000000d5580000,0x00000000de600000,0x00000000de600000)
  from space 6144K, 96% used [0x00000000dea00000,0x00000000defc6e80,0x00000000df000000)
  to   space 32768K, 0% used [0x00000000e0600000,0x00000000e0600000,0x00000000e2600000)
 ParOldGen       total 200192K, used 93772K [0x0000000080000000, 0x000000008c380000, 0x00000000d5580000)
  object space 200192K, 46% used [0x0000000080000000,0x0000000085b93310,0x000000008c380000)
 Metaspace       used 112747K, capacity 120896K, committed 121088K, reserved 1155072K
  class space    used 14537K, capacity 16057K, committed 16128K, reserved 1048576K

